03/12/2021 14:33:46 Addition Complete for Input file Addition.csv and the result is 0    125
1     76
2     78
3    102
4     53
5     89
6     96
7    144
8     71
Name: Addition, dtype: int64
03/12/2021 14:33:46 Subtraction Complete for Input file Subtraction.csv - Sheet1.csv
03/12/2021 14:33:46 Multiplication Complete for Input file Multiplication.csv - Sheet1.csv
03/12/2021 14:33:46 Division Complete for Input file Division.csv - Sheet1.csv
03/12/2021 14:36:00 Addition Complete for Input file Addition.csv and the result is 0    125
1     76
2     78
3    102
4     53
5     89
6     96
7    144
8     71
Name: Addition, dtype: int64
03/12/2021 14:36:00 Subtraction Complete for Input file Subtraction.csv - Sheet1.csv
03/12/2021 14:36:00 Multiplication Complete for Input file Multiplication.csv - Sheet1.csv
03/12/2021 14:36:00 Division Complete for Input file Division.csv - Sheet1.csv
03/12/2021 14:36:50 Addition Complete for Input file Addition.csv and the result is 0    125
1     76
2     78
3    102
4     53
5     89
6     96
7    144
8     71
Name: Addition, dtype: int64
03/12/2021 14:36:50 Subtraction Complete for Input file Subtraction.csv - Sheet1.csv
03/12/2021 14:36:50 Multiplication Complete for Input file Multiplication.csv - Sheet1.csv
03/12/2021 14:36:50 Division Complete for Input file Division.csv - Sheet1.csv
03/12/2021 14:37:10 Addition Complete for Input file Addition.csv and the result is 0    125
1     76
2     78
3    102
4     53
5     89
6     96
7    144
8     71
Name: Addition, dtype: int64
03/12/2021 14:37:10 Subtraction Complete for Input file Subtraction.csv - Sheet1.csv
03/12/2021 14:37:10 Multiplication Complete for Input file Multiplication.csv - Sheet1.csv
03/12/2021 14:37:10 Division Complete for Input file Division.csv - Sheet1.csv
03/12/2021 14:37:33 Addition Complete for Input file Addition.csv and the result is 0    125
1     76
2     78
3    102
4     53
5     89
6     96
7    144
8     71
Name: Addition, dtype: int64
03/12/2021 14:37:33 Subtraction Complete for Input file Subtraction.csv - Sheet1.csv
03/12/2021 14:37:33 Multiplication Complete for Input file Multiplication.csv - Sheet1.csv
03/12/2021 14:37:33 Division Complete for Input file Division.csv - Sheet1.csv
03/12/2021 14:37:40 Addition Complete for Input file Addition.csv and the result is 0    125
1     76
2     78
3    102
4     53
5     89
6     96
7    144
8     71
Name: Addition, dtype: int64
03/12/2021 14:37:40 Subtraction Complete for Input file Subtraction.csv - Sheet1.csv
03/12/2021 14:37:40 Multiplication Complete for Input file Multiplication.csv - Sheet1.csv
03/12/2021 14:37:40 Division Complete for Input file Division.csv - Sheet1.csv
03/12/2021 14:46:52 Addition Complete for Input file Addition.csv and the result is 0    125
1     76
2     78
3    102
4     53
5     89
6     96
7    144
8     71
Name: Addition, dtype: int64
03/12/2021 14:46:52 Subtraction Complete for Input file Subtraction.csv - Sheet1.csv
03/12/2021 14:46:52 Multiplication Complete for Input file Multiplication.csv - Sheet1.csv
03/12/2021 14:46:52 Division Complete for Input file Division.csv - Sheet1.csv
03/12/2021 14:47:01 Addition Complete for Input file Addition.csv and the result is 0    125
1     76
2     78
3    102
4     53
5     89
6     96
7    144
8     71
Name: Addition, dtype: int64
03/12/2021 14:47:01 Subtraction Complete for Input file Subtraction.csv - Sheet1.csv
03/12/2021 14:47:01 Multiplication Complete for Input file Multiplication.csv - Sheet1.csv
03/12/2021 14:47:01 Division Complete for Input file Division.csv - Sheet1.csv
03/12/2021 14:48:10 Addition Complete for Input file Addition.csv and the result is 0    125
1     76
2     78
3    102
4     53
5     89
6     96
7    144
8     71
Name: Addition, dtype: int64
03/12/2021 14:48:10 Subtraction Complete for Input file Subtraction.csv - Sheet1.csv
03/12/2021 14:48:10 Multiplication Complete for Input file Multiplication.csv - Sheet1.csv
03/12/2021 14:48:10 Division Complete for Input file Division.csv - Sheet1.csv
03/12/2021 14:48:26 Addition Complete for Input file Addition.csv and the result is 0    125
1     76
2     78
3    102
4     53
5     89
6     96
7    144
8     71
Name: Addition, dtype: int64
03/12/2021 14:48:26 Subtraction Complete for Input file Subtraction.csv - Sheet1.csv
03/12/2021 14:48:26 Multiplication Complete for Input file Multiplication.csv - Sheet1.csv
03/12/2021 14:48:26 Division Complete for Input file Division.csv - Sheet1.csv
03/12/2021 14:49:41 Addition Complete for Input file Addition.csv and the result is 0    125
1     76
2     78
3    102
4     53
5     89
6     96
7    144
8     71
Name: Addition, dtype: int64
03/12/2021 14:49:41 Subtraction Complete for Input file Subtraction.csv - Sheet1.csv
03/12/2021 14:49:41 Multiplication Complete for Input file Multiplication.csv - Sheet1.csv
03/12/2021 14:49:41 Division Complete for Input file Division.csv - Sheet1.csv
03/12/2021 14:51:41 Addition Complete for Input file Addition.csv and the result is 0    125
1     76
2     78
3    102
4     53
5     89
6     96
7    144
8     71
Name: Addition, dtype: int64
03/12/2021 14:51:41 Subtraction Complete for Input file Subtraction.csv - Sheet1.csv
03/12/2021 14:51:41 Multiplication Complete for Input file Multiplication.csv - Sheet1.csv
03/12/2021 14:51:41 Division Complete for Input file Division.csv - Sheet1.csv
03/12/2021 14:52:12 Addition Complete for Input file Addition.csv and the result is 0    125
1     76
2     78
3    102
4     53
5     89
6     96
7    144
8     71
Name: Addition, dtype: int64
03/12/2021 14:52:12 Subtraction Complete for Input file Subtraction.csv - Sheet1.csv
03/12/2021 14:52:12 Multiplication Complete for Input file Multiplication.csv - Sheet1.csv
03/12/2021 14:52:12 Division Complete for Input file Division.csv - Sheet1.csv
03/12/2021 14:54:36 Addition Complete for Input file Addition.csv and the result is 0    125
1     76
2     78
3    102
4     53
5     89
6     96
7    144
8     71
Name: Addition, dtype: int64
03/12/2021 14:54:36 Subtraction Complete for Input file Subtraction.csv - Sheet1.csv
03/12/2021 14:54:36 Multiplication Complete for Input file Multiplication.csv - Sheet1.csv
03/12/2021 14:54:36 Division Complete for Input file Division.csv - Sheet1.csv
03/12/2021 14:54:44 Addition Complete for Input file Addition.csv and the result is 0    125
1     76
2     78
3    102
4     53
5     89
6     96
7    144
8     71
Name: Addition, dtype: int64
03/12/2021 14:54:44 Subtraction Complete for Input file Subtraction.csv - Sheet1.csv
03/12/2021 14:54:44 Multiplication Complete for Input file Multiplication.csv - Sheet1.csv
03/12/2021 14:54:44 Division Complete for Input file Division.csv - Sheet1.csv
03/12/2021 14:54:49 Addition Complete for Input file Addition.csv and the result is 0    125
1     76
2     78
3    102
4     53
5     89
6     96
7    144
8     71
Name: Addition, dtype: int64
03/12/2021 14:54:49 Subtraction Complete for Input file Subtraction.csv - Sheet1.csv
03/12/2021 14:54:49 Multiplication Complete for Input file Multiplication.csv - Sheet1.csv
03/12/2021 14:54:49 Division Complete for Input file Division.csv - Sheet1.csv
03/12/2021 14:56:03 Addition Complete for Input file Addition.csv and the result is 0    125
1     76
2     78
3    102
4     53
5     89
6     96
7    144
8     71
Name: Addition, dtype: int64
03/12/2021 14:56:03 Subtraction Complete for Input file Subtraction.csv - Sheet1.csv
03/12/2021 14:56:03 Multiplication Complete for Input file Multiplication.csv - Sheet1.csv
03/12/2021 14:56:03 Division Complete for Input file Division.csv - Sheet1.csv
03/12/2021 15:26:06 Addition Complete for Input file Addition.csv and the result is 0    125
1     76
2     78
3    102
4     53
5     89
6     96
7    144
8     71
Name: Addition, dtype: int64
03/12/2021 15:26:06 Subtraction Complete for Input file Subtraction.csv - Sheet1.csv
03/12/2021 15:26:06 Multiplication Complete for Input file Multiplication.csv - Sheet1.csv
03/12/2021 15:26:06 Division Complete for Input file Division.csv - Sheet1.csv
03/12/2021 18:52:50 Addition Complete for Input file Addition.csv and the result is 0    130
1    113
2    296
3    345
4    516
5    665
6    183
7    715
8    124
Name: Addition, dtype: int64
03/12/2021 18:52:50 Subtraction Complete for Input file Subtraction.csv - Sheet1.csv
03/12/2021 18:52:50 Multiplication Complete for Input file Multiplication.csv - Sheet1.csv
03/12/2021 18:52:50 Division Complete for Input file Division.csv - Sheet1.csv
03/12/2021 19:11:07 Addition Complete for Input file Addition.csv and the result is 0    130
1    113
2    296
3    345
4    516
5    665
6    183
7    715
8    124
Name: Addition, dtype: int64
03/12/2021 19:11:07 Subtraction Complete for Input file Subtraction.csv - Sheet1.csv
03/12/2021 19:11:07 Multiplication Complete for Input file Multiplication.csv - Sheet1.csv
03/12/2021 19:11:07 Division Complete for Input file Division.csv - Sheet1.csv
03/12/2021 19:16:06 Addition Complete for Input file Addition.csv and the result is 0    130
1    113
2    296
3    345
4    516
5    665
6    183
7    715
8    124
Name: Addition, dtype: int64
03/12/2021 19:16:06 Subtraction Complete for Input file Subtraction.csv - Sheet1.csv
03/12/2021 19:16:06 Multiplication Complete for Input file Multiplication.csv - Sheet1.csv
03/12/2021 19:16:23 Addition Complete for Input file Addition.csv and the result is 0    130
1    113
2    296
3    345
4    516
5    665
6    183
7    715
8    124
Name: Addition, dtype: int64
03/12/2021 19:16:23 Subtraction Complete for Input file Subtraction.csv - Sheet1.csv
03/12/2021 19:16:23 Multiplication Complete for Input file Multiplication.csv - Sheet1.csv
03/12/2021 19:16:31 Addition Complete for Input file Addition.csv and the result is 0    130
1    113
2    296
3    345
4    516
5    665
6    183
7    715
8    124
Name: Addition, dtype: int64
03/12/2021 19:16:31 Subtraction Complete for Input file Subtraction.csv - Sheet1.csv
03/12/2021 19:16:31 Multiplication Complete for Input file Multiplication.csv - Sheet1.csv
03/12/2021 19:16:39 Addition Complete for Input file Addition.csv and the result is 0    130
1    113
2    296
3    345
4    516
5    665
6    183
7    715
8    124
Name: Addition, dtype: int64
03/12/2021 19:16:39 Subtraction Complete for Input file Subtraction.csv - Sheet1.csv
03/12/2021 19:16:39 Multiplication Complete for Input file Multiplication.csv - Sheet1.csv
04/12/2021 00:02:46 Addition Complete for Input file Addition.csv and the result is 0    130
1    113
2    296
3    345
4    516
5    665
6    183
7    715
8    124
Name: Addition, dtype: int64
04/12/2021 00:02:46 Subtraction Complete for Input file Subtraction.csv - Sheet1.csv
04/12/2021 00:02:46 Multiplication Complete for Input file Multiplication.csv - Sheet1.csv
04/12/2021 00:08:28 Addition Complete for Input file Addition.csv and the result is 0    130
1    113
2    296
3    345
4    516
5    665
6    183
7    715
8    124
Name: Addition, dtype: int64
04/12/2021 00:08:28 Subtraction Complete for Input file Subtraction.csv - Sheet1.csv
04/12/2021 00:08:28 Multiplication Complete for Input file Multiplication.csv - Sheet1.csv
04/12/2021 00:12:29 Addition Complete for Input file Addition.csv and the result is 0    130
1    113
2    296
3    345
4    516
5    665
6    183
7    715
8    124
Name: Addition, dtype: int64
04/12/2021 00:12:29 Subtraction Complete for Input file Subtraction.csv - Sheet1.csv
04/12/2021 00:12:29 Multiplication Complete for Input file Multiplication.csv - Sheet1.csv
04/12/2021 00:13:43 Addition Complete for Input file Addition.csv and the result is 0    130
1    113
2    296
3    345
4    516
5    665
6    183
7    715
8    124
Name: Addition, dtype: int64
04/12/2021 00:13:43 Subtraction Complete for Input file Subtraction.csv - Sheet1.csv
04/12/2021 00:13:43 Multiplication Complete for Input file Multiplication.csv - Sheet1.csv
04/12/2021 00:14:44 Addition Complete for Input file Addition.csv and the result is 0    130
1    113
2    296
3    345
4    516
5    665
6    183
7    715
8    124
Name: Addition, dtype: int64
04/12/2021 00:14:44 Subtraction Complete for Input file Subtraction.csv - Sheet1.csv
04/12/2021 00:14:44 Multiplication Complete for Input file Multiplication.csv - Sheet1.csv
04/12/2021 00:24:34 Addition Complete for Input file Addition.csv and the result is 0    130
1    113
2    296
3    345
4    516
5    665
6    183
7    715
8    124
Name: Addition, dtype: int64
04/12/2021 00:24:34 Subtraction Complete for Input file Subtraction.csv - Sheet1.csv
04/12/2021 00:24:34 Multiplication Complete for Input file Multiplication.csv - Sheet1.csv
04/12/2021 01:03:49 Addition Complete for Input file Addition.csv and the result is 0    130
1    113
2    296
3    345
4    516
5    665
6    183
7    715
8    124
Name: Addition, dtype: int64
04/12/2021 01:03:49 Subtraction Complete for Input file Subtraction.csv - Sheet1.csv
04/12/2021 01:03:49 Multiplication Complete for Input file Multiplication.csv - Sheet1.csv
04/12/2021 01:28:28 Addition Complete for Input file Addition.csv and the result is 0    130
1    113
2    296
3    345
4    516
5    665
6    183
7    715
8    124
Name: Addition, dtype: int64
04/12/2021 01:28:28 Subtraction Complete for Input file Subtraction.csv - Sheet1.csv
04/12/2021 01:28:28 Multiplication Complete for Input file Multiplication.csv - Sheet1.csv
04/12/2021 14:41:36 Addition Complete for Input file Addition.csv and the result is 0    130
1    113
2    296
3    345
4    516
5    665
6    183
7    715
8    124
Name: Addition, dtype: int64
04/12/2021 14:41:36 Subtraction Complete for Input file Subtraction.csv - Sheet1.csv
04/12/2021 14:41:36 Multiplication Complete for Input file Multiplication.csv - Sheet1.csv
04/12/2021 14:44:33 Addition Complete for Input file Addition.csv and the result is 0    130
1    113
2    296
3    345
4    516
5    665
6    183
7    715
8    124
Name: Addition, dtype: int64
04/12/2021 14:44:33 Subtraction Complete for Input file Subtraction.csv - Sheet1.csv
04/12/2021 14:44:33 Multiplication Complete for Input file Multiplication.csv - Sheet1.csv
04/12/2021 14:44:42 Addition Complete for Input file Addition.csv and the result is 0    130
1    113
2    296
3    345
4    516
5    665
6    183
7    715
8    124
Name: Addition, dtype: int64
04/12/2021 14:44:42 Subtraction Complete for Input file Subtraction.csv - Sheet1.csv
04/12/2021 14:44:42 Multiplication Complete for Input file Multiplication.csv - Sheet1.csv
04/12/2021 14:45:04 Addition Complete for Input file Addition.csv and the result is 0    130
1    113
2    296
3    345
4    516
5    665
6    183
7    715
8    124
Name: Addition, dtype: int64
04/12/2021 14:45:04 Subtraction Complete for Input file Subtraction.csv - Sheet1.csv
04/12/2021 14:45:04 Multiplication Complete for Input file Multiplication.csv - Sheet1.csv
04/12/2021 14:45:34 Addition Complete for Input file Addition.csv and the result is 0    130
1    113
2    296
3    345
4    516
5    665
6    183
7    715
8    124
Name: Addition, dtype: int64
04/12/2021 14:45:34 Subtraction Complete for Input file Subtraction.csv - Sheet1.csv
04/12/2021 14:45:34 Multiplication Complete for Input file Multiplication.csv - Sheet1.csv
04/12/2021 14:46:54 Addition Complete for Input file Addition.csv and the result is 0    130
1    113
2    296
3    345
4    516
5    665
6    183
7    715
8    124
Name: Addition, dtype: int64
04/12/2021 14:46:54 Subtraction Complete for Input file Subtraction.csv - Sheet1.csv
04/12/2021 14:46:54 Multiplication Complete for Input file Multiplication.csv - Sheet1.csv
04/12/2021 14:48:03 Addition Complete for Input file Addition.csv and the result is 0    130
1    113
2    296
3    345
4    516
5    665
6    183
7    715
8    124
Name: Addition, dtype: int64
04/12/2021 14:48:03 Subtraction Complete for Input file Subtraction.csv - Sheet1.csv
04/12/2021 14:48:03 Multiplication Complete for Input file Multiplication.csv - Sheet1.csv
04/12/2021 14:55:32 Addition Complete for Input file Addition.csv and the result is 0    130
1    113
2    296
3    345
4    516
5    665
6    183
7    715
8    124
Name: Addition, dtype: int64
04/12/2021 14:55:32 Subtraction Complete for Input file Subtraction.csv - Sheet1.csv
04/12/2021 14:55:32 Multiplication Complete for Input file Multiplication.csv - Sheet1.csv
04/12/2021 14:58:05 Addition Complete for Input file Addition.csv and the result is 0    130
1    113
2    296
3    345
4    516
5    665
6    183
7    715
8    124
Name: Addition, dtype: int64
04/12/2021 14:58:05 Subtraction Complete for Input file Subtraction.csv - Sheet1.csv
04/12/2021 14:58:05 Multiplication Complete for Input file Multiplication.csv - Sheet1.csv
04/12/2021 14:58:16 Addition Complete for Input file Addition.csv and the result is 0    130
1    113
2    296
3    345
4    516
5    665
6    183
7    715
8    124
Name: Addition, dtype: int64
04/12/2021 14:58:16 Subtraction Complete for Input file Subtraction.csv - Sheet1.csv
04/12/2021 14:58:16 Multiplication Complete for Input file Multiplication.csv - Sheet1.csv
05/12/2021 21:18:22 Addition Complete for Input file Addition.csv and the result is 0    130
1    113
2    296
3    345
4    516
5    665
6    183
7    715
8    124
Name: Addition, dtype: int64
05/12/2021 21:18:22 Division Complete for Input file Division.csv - Sheet1.csv
05/12/2021 21:18:22 Division Complete for Input file Division.csv - Sheet1.csv
05/12/2021 21:18:22 Division Complete for Input file Division.csv - Sheet1.csv
05/12/2021 21:18:22 Multiplication Complete for Input file Multiplication.csv - Sheet1.csv
05/12/2021 21:18:22 Subtraction Complete for Input file Subtraction.csv - Sheet1.csv
